{"method":"POST","url":"/api/v1/auth/login","http_version":"1.1","response_time":"687.724","status":"401","content_length":"63","timestamp":"2023-01-08T16:04:52.187Z","headers_count":"req-headers-length","error":"E"}
{"method":"POST","url":"/api/v1/auth/login","http_version":"1.1","response_time":"158.048","status":"401","content_length":"63","timestamp":"2023-01-08T16:07:56.824Z","headers_count":"req-headers-length","error":"E"}
{"method":"POST","url":"/api/v1/auth/login","http_version":"1.1","response_time":"154.604 ms","status":"401","content_length":"63","timestamp":"2023-01-08T16:11:57.271Z","headers_count":"req-headers-length","error":"-"}
{"method":"POST","url":"/api/v1/auth/login","http_version":"1.1","response_time":"163.396 ms","status":"401","content_length":"63","timestamp":"2023-01-08T16:12:27.127Z","headers_count":"req-headers-length","error":"-"}
{"method":"GET","url":"/api/v1/shipment-routes","http_version":"1.1","response_time":"222.294 ms","status":"200","content_length":"39243","timestamp":"2023-01-08T16:12:36.543Z","headers_count":"req-headers-length","error":"-"}
{"timestamp":"2023-01-10T12:22:10.023Z","method":"POST","url":"/api/v1/route-masters","http_version":"1.1","response_time":"3.618 ms","status":"401","content_length":"79","headers_count":"req-headers-length","error":"-"}
{"timestamp":"2023-01-10T12:22:19.410Z","method":"POST","url":"/api/v1/auth/login","http_version":"1.1","response_time":"170.747 ms","status":"401","content_length":"63","headers_count":"req-headers-length","error":"-"}
{"timestamp":"2023-01-11T06:14:23.151Z","method":"POST","url":"/api/v1/shipment-sorts","http_version":"1.1","response_time":"205.799 ms","status":"500","content_length":"74","headers_count":"req-headers-length","error":"-"}
{"timestamp":"2023-01-11T06:27:08.690Z","method":"POST","url":"/api/v1/shipment-sorts","http_version":"1.1","response_time":"183.713 ms","status":"500","content_length":"76","headers_count":"req-headers-length","error":"-"}
{"timestamp":"2023-01-11T06:28:25.677Z","method":"POST","url":"/api/v1/shipment-sorts","http_version":"1.1","response_time":"154.528 ms","status":"500","content_length":"76","headers_count":"req-headers-length","error":"-"}
{"timestamp":"2023-01-11T06:28:28.165Z","method":"POST","url":"/api/v1/shipment-sorts","http_version":"1.1","response_time":"108.847 ms","status":"500","content_length":"76","headers_count":"req-headers-length","error":"-"}
{"timestamp":"2023-01-11T06:29:43.320Z","method":"POST","url":"/api/v1/shipment-sorts","http_version":"1.1","response_time":"160.762 ms","status":"500","content_length":"76","headers_count":"req-headers-length","error":"-"}
{"timestamp":"2023-01-11T06:29:46.309Z","method":"POST","url":"/api/v1/shipment-sorts","http_version":"1.1","response_time":"129.261 ms","status":"500","content_length":"76","headers_count":"req-headers-length","error":"-"}
{"timestamp":"2023-01-11T06:32:19.237Z","method":"POST","url":"/api/v1/shipment-sorts","http_version":"1.1","response_time":"184.266 ms","status":"500","content_length":"60","headers_count":"req-headers-length","error":"-"}
{"timestamp":"2023-01-11T06:33:58.157Z","method":"POST","url":"/api/v1/shipment-sorts","http_version":"1.1","response_time":"192.517 ms","status":"500","content_length":"60","headers_count":"req-headers-length","error":"-"}
{"timestamp":"2023-01-11T06:34:33.824Z","method":"POST","url":"/api/v1/shipment-sorts","http_version":"1.1","response_time":"330.280 ms","status":"500","content_length":"60","headers_count":"req-headers-length","error":"-"}
{"timestamp":"2023-01-11T06:34:44.019Z","method":"POST","url":"/api/v1/shipment-sorts","http_version":"1.1","response_time":"290.638 ms","status":"500","content_length":"60","headers_count":"req-headers-length","error":"-"}
{"timestamp":"2023-01-11T06:38:12.648Z","method":"POST","url":"/api/v1/shipment-sorts","http_version":"1.1","response_time":"154.740 ms","status":"404","content_length":"62","headers_count":"req-headers-length","error":"-"}
{"timestamp":"2023-01-11T06:40:29.184Z","method":"POST","url":"/api/v1/shipment-sorts","http_version":"1.1","response_time":"107.343 ms","status":"404","content_length":"62","headers_count":"req-headers-length","error":"-"}
{"timestamp":"2023-01-11T06:40:34.955Z","method":"POST","url":"/api/v1/shipment-sorts","http_version":"1.1","response_time":"84.448 ms","status":"404","content_length":"62","headers_count":"req-headers-length","error":"-"}
{"timestamp":"2023-01-11T06:41:16.639Z","method":"POST","url":"/api/v1/shipment-sorts","http_version":"1.1","response_time":"110.512 ms","status":"404","content_length":"62","headers_count":"req-headers-length","error":"-"}
{"timestamp":"2023-01-11T06:42:32.824Z","method":"POST","url":"/api/v1/shipment-sorts","http_version":"1.1","response_time":"122.758 ms","status":"404","content_length":"62","headers_count":"req-headers-length","error":"-"}
{"timestamp":"2023-01-11T06:53:52.396Z","method":"POST","url":"/api/v1/shipment-sorts","http_version":"1.1","response_time":"52.659 ms","status":"500","content_length":"55","headers_count":"req-headers-length","error":"-"}
{"timestamp":"2023-01-11T06:54:07.206Z","method":"POST","url":"/api/v1/shipment-sorts","http_version":"1.1","response_time":"37.374 ms","status":"500","content_length":"55","headers_count":"req-headers-length","error":"-"}
{"timestamp":"2023-01-11T06:54:16.961Z","method":"POST","url":"/api/v1/shipment-sorts","http_version":"1.1","response_time":"40.671 ms","status":"500","content_length":"55","headers_count":"req-headers-length","error":"-"}
{"timestamp":"2023-01-11T06:54:49.996Z","method":"POST","url":"/api/v1/shipment-sorts","http_version":"1.1","response_time":"52.705 ms","status":"500","content_length":"55","headers_count":"req-headers-length","error":"-"}
{"timestamp":"2023-01-11T10:13:01.179Z","method":"GET","url":"/api/v1/shipments/logs/63b572c6847de8d62e5b1522","http_version":"1.1","response_time":"1.566 ms","status":"404","content_length":"185","headers_count":"req-headers-length","error":"-"}
{"timestamp":"2023-01-11T10:15:07.564Z","method":"GET","url":"/api/v1/shipments/logs/63b572c6847de8d62e5b1522","http_version":"1.1","response_time":"2.994 ms","status":"404","content_length":"185","headers_count":"req-headers-length","error":"-"}
{"timestamp":"2023-01-11T12:29:09.179Z","method":"GET","url":"/api/v1/route-masters/find-mapping/10250","http_version":"1.1","response_time":"2.217 ms","status":"404","content_length":"178","headers_count":"req-headers-length","error":"-"}
{"timestamp":"2023-01-11T12:31:40.064Z","method":"GET","url":"/api/v1/route-masters/find-mapping/10250","http_version":"1.1","response_time":"3.243 ms","status":"404","content_length":"178","headers_count":"req-headers-length","error":"-"}
{"timestamp":"2023-01-11T12:32:54.823Z","method":"GET","url":"/api/v1/route-masters/find-mapping/10250","http_version":"1.1","response_time":"3.196 ms","status":"404","content_length":"178","headers_count":"req-headers-length","error":"-"}
{"timestamp":"2023-01-11T12:34:11.912Z","method":"GET","url":"/api/v1/route-masters/find-mapping/10250","http_version":"1.1","response_time":"3.091 ms","status":"404","content_length":"178","headers_count":"req-headers-length","error":"-"}
{"timestamp":"2023-01-11T12:34:13.018Z","method":"GET","url":"/api/v1/route-masters/find-mapping/10250","http_version":"1.1","response_time":"1.552 ms","status":"404","content_length":"178","headers_count":"req-headers-length","error":"-"}
{"timestamp":"2023-01-11T12:35:33.834Z","method":"GET","url":"/api/v1/route-masters/find-mapping/10250","http_version":"1.1","response_time":"0.438 ms","status":"404","content_length":"178","headers_count":"req-headers-length","error":"-"}
{"timestamp":"2023-01-11T12:35:46.179Z","method":"GET","url":"/api/v1/route-masters/find-mapping/10250","http_version":"1.1","response_time":"0.474 ms","status":"404","content_length":"178","headers_count":"req-headers-length","error":"-"}
{"timestamp":"2023-01-11T12:37:39.077Z","method":"GET","url":"/api/v1/route-masters/mapping/find/10250","http_version":"1.1","response_time":"3.107 ms","status":"404","content_length":"178","headers_count":"req-headers-length","error":"-"}
{"timestamp":"2023-01-11T12:37:44.722Z","method":"GET","url":"/api/v1/route-masters/mapping/find/10250","http_version":"1.1","response_time":"1.496 ms","status":"404","content_length":"178","headers_count":"req-headers-length","error":"-"}
{"timestamp":"2023-01-17T03:59:26.406Z","method":"GET","url":"/api/v1/shipment-sorts","http_version":"1.1","response_time":"194.163 ms","status":"500","content_length":"144","headers_count":"req-headers-length","error":"-"}
{"timestamp":"2023-01-17T09:35:08.334Z","method":"POST","url":"/api/v1/auth/login","http_version":"1.1","response_time":"380.796 ms","status":"401","content_length":"63","headers_count":"req-headers-length","error":"-"}
{"timestamp":"2023-01-17T13:07:21.521Z","method":"GET","url":"/api/v1/shipments?limit=5&page=1","http_version":"1.1","response_time":"30005.601 ms","status":"500","content_length":"78","headers_count":"req-headers-length","error":"-"}
{"timestamp":"2023-01-17T13:07:25.061Z","method":"GET","url":"/api/v1/shipment-sorts?limit=9&page=1","http_version":"1.1","response_time":"30004.845 ms","status":"500","content_length":"48","headers_count":"req-headers-length","error":"-"}
{"timestamp":"2023-01-17T13:07:29.276Z","method":"GET","url":"/api/v1/shipments?waybill_number=TH1673747736802183","http_version":"1.1","response_time":"30007.317 ms","status":"500","content_length":"48","headers_count":"req-headers-length","error":"-"}
{"timestamp":"2023-01-17T13:09:02.948Z","method":"GET","url":"/api/v1/shipments?limit=5&page=1","http_version":"1.1","response_time":"30006.410 ms","status":"500","content_length":"43","headers_count":"req-headers-length","error":"-"}
{"timestamp":"2023-01-17T13:09:04.631Z","method":"GET","url":"/api/v1/shipments?limit=20&page=1","http_version":"1.1","response_time":"30004.156 ms","status":"500","content_length":"43","headers_count":"req-headers-length","error":"-"}
{"timestamp":"2023-01-17T13:09:20.367Z","method":"POST","url":"/api/v1/auth/login","http_version":"1.1","response_time":"30025.868 ms","status":"500","content_length":"78","headers_count":"req-headers-length","error":"-"}
{"timestamp":"2023-01-18T08:02:58.794Z","method":"GET","url":"/api/v1/shipment-routes?limit=9&page=1","http_version":"1.1","response_time":"1515115.761 ms","status":"500","content_length":"81","headers_count":"req-headers-length","error":"-"}
{"timestamp":"2023-01-18T08:02:58.803Z","method":"GET","url":"/api/v1/branches","http_version":"1.1","response_time":"1515121.834 ms","status":"500","content_length":"81","headers_count":"req-headers-length","error":"-"}
{"timestamp":"2023-01-18T08:02:58.832Z","method":"GET","url":"/api/v1/shipment-sorts?limit=9&page=1","http_version":"1.1","response_time":"1514632.520 ms","status":"500","content_length":"81","headers_count":"req-headers-length","error":"-"}
{"timestamp":"2023-01-19T10:57:11.381Z","method":"GET","url":"/api/v1/auth/login","http_version":"1.1","response_time":"52.429 ms","status":"404","content_length":"156","headers_count":"req-headers-length","error":"-"}
{"timestamp":"2023-01-19T10:57:21.275Z","method":"GET","url":"/api/v1/auth/login","http_version":"1.1","response_time":"2.978 ms","status":"404","content_length":"156","headers_count":"req-headers-length","error":"-"}
{"timestamp":"2023-01-19T10:57:24.770Z","method":"GET","url":"/api/v1/auth/login","http_version":"1.1","response_time":"0.807 ms","status":"404","content_length":"156","headers_count":"req-headers-length","error":"-"}
{"timestamp":"2023-01-19T10:57:25.606Z","method":"GET","url":"/api/v1/auth/login","http_version":"1.1","response_time":"0.663 ms","status":"404","content_length":"156","headers_count":"req-headers-length","error":"-"}
{"timestamp":"2023-01-19T11:41:36.166Z","method":"GET","url":"/api/user","http_version":"1.1","response_time":"2.262 ms","status":"404","content_length":"147","headers_count":"req-headers-length","error":"-"}
